<?xml version="1.0" encoding="UTF-8"?>
<testsuite xmlns:xsi="http://www.w3.org/2001/XMLSchema-instance" xsi:noNamespaceSchemaLocation="https://maven.apache.org/surefire/maven-surefire-plugin/xsd/surefire-test-report-3.0.xsd" version="3.0" name="TestSuite" time="9.795" tests="1" errors="0" skipped="0" failures="1">
  <properties>
[...]
</properties>
  <testcase name="performSearch" classname="com.ui.tests.Login" time="2.784">
    <failure message="Element &lt;input class=&quot;gNO89b&quot; name=&quot;btnK&quot; type=&quot;submit&quot;&gt; could not be scrolled into view&#10;Build info: version: &apos;3.141.59&apos;, revision: &apos;e82be7d358&apos;, time: &apos;2018-11-14T08:17:03&apos;&#10;System info: host: &apos;ndi-mb-064&apos;, ip: &apos;fe80:0:0:0:435:4f17:8507:5985%en0&apos;, os.name: &apos;Mac OS X&apos;, os.arch: &apos;x86_64&apos;, os.version: &apos;10.15.5&apos;, java.version: &apos;1.8.0_221&apos;&#10;Driver info: org.openqa.selenium.firefox.FirefoxDriver&#10;Capabilities {acceptInsecureCerts: true, browserName: firefox, browserVersion: 80.0.1, javascriptEnabled: true, moz:accessibilityChecks: false, moz:buildID: 20200831163820, moz:geckodriverVersion: 0.27.0, moz:headless: false, moz:processID: 4556, moz:profile: /var/folders/s2/7zj8cn4j1vs..., moz:shutdownTimeout: 60000, moz:useNonSpecCompliantPointerOrigin: false, moz:webdriverClick: true, pageLoadStrategy: normal, platform: MAC, platformName: MAC, platformVersion: 19.5.0, rotatable: false, setWindowRect: true, strictFileInteractability: false, timeouts: {implicit: 0, pageLoad: 300000, script: 30000}, unhandledPromptBehavior: dismiss and notify}&#10;Session ID: 6ac08b5c-9103-2241-bbfb-9fb86c2c7a11" type="org.openqa.selenium.ElementNotInteractableException"><![CDATA[org.openqa.selenium.ElementNotInteractableException: 
Element <input class="gNO89b" name="btnK" type="submit"> could not be scrolled into view
Build info: version: '3.141.59', revision: 'e82be7d358', time: '2018-11-14T08:17:03'
System info: host: 'ndi-mb-064', ip: 'fe80:0:0:0:435:4f17:8507:5985%en0', os.name: 'Mac OS X', os.arch: 'x86_64', os.version: '10.15.5', java.version: '1.8.0_221'
Driver info: org.openqa.selenium.firefox.FirefoxDriver
Capabilities {acceptInsecureCerts: true, browserName: firefox, browserVersion: 80.0.1, javascriptEnabled: true, moz:accessibilityChecks: false, moz:buildID: 20200831163820, moz:geckodriverVersion: 0.27.0, moz:headless: false, moz:processID: 4556, moz:profile: /var/folders/s2/7zj8cn4j1vs..., moz:shutdownTimeout: 60000, moz:useNonSpecCompliantPointerOrigin: false, moz:webdriverClick: true, pageLoadStrategy: normal, platform: MAC, platformName: MAC, platformVersion: 19.5.0, rotatable: false, setWindowRect: true, strictFileInteractability: false, timeouts: {implicit: 0, pageLoad: 300000, script: 30000}, unhandledPromptBehavior: dismiss and notify}
Session ID: 6ac08b5c-9103-2241-bbfb-9fb86c2c7a11
	at com.ui.tests.Login.performSearch(Login.java:17)
]]></failure>
    <system-err><![CDATA[1600927312126	geckodriver	INFO	Listening on 127.0.0.1:38715
1600927312348	mozrunner::runner	INFO	Running command: "/Applications/Firefox.app/Contents/MacOS/firefox-bin" "--marionette" "-foreground" "-no-remote" "-profile" "/var/folders/s2/7zj8cn4j1vsghd3fp3qsxvnd48zy51/T/rust_mozprofileLF7hsi"
console.error: SearchCache: "_readCacheFile: Error reading cache file:" (new Error("", "(unknown module)"))
1600927317344	Marionette	INFO	Listening on port 56330
1600927317399	Marionette	WARN	TLS certificate errors will be ignored for this session
Sep 24, 2020 11:31:57 AM org.openqa.selenium.remote.ProtocolHandshake createSession
INFO: Detected dialect: W3C
]]></system-err>
  </testcase>
</testsuite>